{"/Users/alvdiaasc/Documents/Universidad/Studybuddies-Backend/test/login.test.js":{"path":"/Users/alvdiaasc/Documents/Universidad/Studybuddies-Backend/test/login.test.js","s":{"1":1,"2":1,"3":1,"4":1,"5":1,"6":1,"7":1,"8":0,"9":0,"10":0,"11":0,"12":0,"13":0,"14":0,"15":0,"16":0},"b":{},"f":{"1":0,"2":0},"fnMap":{"1":{"name":"(anonymous_1)","line":18,"loc":{"start":{"line":18,"column":17},"end":{"line":18,"column":37}}},"2":{"name":"(anonymous_2)","line":34,"loc":{"start":{"line":34,"column":17},"end":{"line":34,"column":37}}}},"statementMap":{"1":{"start":{"line":1,"column":0},"end":{"line":1,"column":13}},"2":{"start":{"line":3,"column":0},"end":{"line":3,"column":26}},"3":{"start":{"line":4,"column":0},"end":{"line":4,"column":35}},"4":{"start":{"line":5,"column":0},"end":{"line":5,"column":38}},"5":{"start":{"line":7,"column":0},"end":{"line":7,"column":19}},"6":{"start":{"line":8,"column":0},"end":{"line":8,"column":46}},"7":{"start":{"line":10,"column":0},"end":{"line":24,"column":2}},"8":{"start":{"line":11,"column":4},"end":{"line":23,"column":6}},"9":{"start":{"line":12,"column":8},"end":{"line":22,"column":14}},"10":{"start":{"line":20,"column":16},"end":{"line":20,"column":48}},"11":{"start":{"line":21,"column":16},"end":{"line":21,"column":23}},"12":{"start":{"line":26,"column":0},"end":{"line":40,"column":2}},"13":{"start":{"line":27,"column":4},"end":{"line":39,"column":6}},"14":{"start":{"line":28,"column":8},"end":{"line":38,"column":14}},"15":{"start":{"line":36,"column":16},"end":{"line":36,"column":48}},"16":{"start":{"line":37,"column":16},"end":{"line":37,"column":23}}},"branchMap":{}}}